<?xml version="1.0" encoding="UTF-8"?>
<!-- Generated by org.testng.reporters.JUnitReportReporter -->
<testsuite hostname="program-demo-02.local" name="zapi.prototytpe.MyVestTest" tests="1" failures="0" timestamp="28 Jun 2019 22:38:25 GMT" time="9.936" errors="0">
  <testcase name="myVestLoginTest" time="9.936" classname="zapi.prototytpe.MyVestTest"/>
</testsuite> <!-- zapi.prototytpe.MyVestTest -->
